<?xml version="1.0" encoding="utf-8"?><testsuites name="pytest tests"><testsuite name="pytest" errors="0" failures="0" skipped="0" tests="8" time="3.625" timestamp="2026-09-16T23:07:42.207659+00:00" hostname="agent-env-1db948c4-a0c6-4689-b1ee-d4badc21697d"><testcase classname="tests.test_linesheets" name="test_create_linesheet" time="0.327" /><testcase classname="tests.test_linesheets" name="test_list_linesheets" time="0.142" /><testcase classname="tests.test_linesheets" name="test_get_linesheet" time="0.193" /><testcase classname="tests.test_linesheets" name="test_update_linesheet_bumps_updated_at" time="1.358" /><testcase classname="tests.test_linesheets" name="test_duplicate_linesheet" time="0.143" /><testcase classname="tests.test_linesheets" name="test_share_linesheet_increments_views" time="0.313" /><testcase classname="tests.test_linesheets" name="test_share_unknown_token_404" time="0.143" /><testcase classname="tests.test_linesheets" name="test_delete_linesheet" time="0.616" /></testsuite></testsuites>